InnoDB: using atomic writes.
2021-01-15 21:45:14 0 [Note] InnoDB: Mutexes and rw_locks use Windows interlocked functions
2021-01-15 21:45:14 0 [Note] InnoDB: Uses event mutexes
2021-01-15 21:45:14 0 [Note] InnoDB: Compressed tables use zlib 1.2.11
2021-01-15 21:45:14 0 [Note] InnoDB: Number of pools: 1
2021-01-15 21:45:14 0 [Note] InnoDB: Using SSE2 crc32 instructions
2021-01-15 21:45:14 0 [Note] InnoDB: Initializing buffer pool, total size = 16M, instances = 1, chunk size = 16M
2021-01-15 21:45:14 0 [Note] InnoDB: Completed initialization of buffer pool
2021-01-15 21:45:15 0 [Note] InnoDB: Starting crash recovery from checkpoint LSN=300288
2021-01-15 21:45:15 0 [Note] InnoDB: 128 out of 128 rollback segments are active.
2021-01-15 21:45:15 0 [Note] InnoDB: Removed temporary tablespace data file: "ibtmp1"
2021-01-15 21:45:15 0 [Note] InnoDB: Creating shared tablespace for temporary tables
2021-01-15 21:45:15 0 [Note] InnoDB: Setting file '\www\mysql\data\ibtmp1' size to 12 MB. Physically writing the file full; Please wait ...
2021-01-15 21:45:15 0 [Note] InnoDB: File '\www\mysql\data\ibtmp1' size is now 12 MB.
2021-01-15 21:45:16 0 [Note] InnoDB: Waiting for purge to start
2021-01-15 21:45:16 0 [Note] InnoDB: 10.4.17 started; log sequence number 300297; transaction id 170
2021-01-15 21:45:16 0 [Note] InnoDB: Loading buffer pool(s) from I:\www\mysql\data\ib_buffer_pool
2021-01-15 21:45:16 0 [Note] Plugin 'FEEDBACK' is disabled.
2021-01-15 21:45:16 0 [Note] Server socket created on IP: '::'.
InnoDB: using atomic writes.
2021-01-15 21:46:35 0 [Note] InnoDB: Mutexes and rw_locks use Windows interlocked functions
2021-01-15 21:46:35 0 [Note] InnoDB: Uses event mutexes
2021-01-15 21:46:35 0 [Note] InnoDB: Compressed tables use zlib 1.2.11
2021-01-15 21:46:35 0 [Note] InnoDB: Number of pools: 1
2021-01-15 21:46:35 0 [Note] InnoDB: Using SSE2 crc32 instructions
2021-01-15 21:46:35 0 [Note] InnoDB: Initializing buffer pool, total size = 16M, instances = 1, chunk size = 16M
2021-01-15 21:46:35 0 [Note] InnoDB: Completed initialization of buffer pool
2021-01-15 21:46:35 0 [Note] InnoDB: Starting crash recovery from checkpoint LSN=300306
2021-01-15 21:46:35 0 [Note] InnoDB: 128 out of 128 rollback segments are active.
2021-01-15 21:46:35 0 [Note] InnoDB: Removed temporary tablespace data file: "ibtmp1"
2021-01-15 21:46:35 0 [Note] InnoDB: Creating shared tablespace for temporary tables
2021-01-15 21:46:35 0 [Note] InnoDB: Setting file '\www\mysql\data\ibtmp1' size to 12 MB. Physically writing the file full; Please wait ...
2021-01-15 21:46:35 0 [Note] InnoDB: File '\www\mysql\data\ibtmp1' size is now 12 MB.
2021-01-15 21:46:36 0 [Note] InnoDB: Waiting for purge to start
2021-01-15 21:46:36 0 [Note] InnoDB: 10.4.17 started; log sequence number 300315; transaction id 170
2021-01-15 21:46:36 0 [Note] InnoDB: Loading buffer pool(s) from I:\www\mysql\data\ib_buffer_pool
2021-01-15 21:46:36 0 [Note] Plugin 'FEEDBACK' is disabled.
2021-01-15 21:46:36 0 [Note] Server socket created on IP: '::'.
InnoDB: using atomic writes.
2021-01-16  8:20:04 0 [Note] InnoDB: Mutexes and rw_locks use Windows interlocked functions
2021-01-16  8:20:04 0 [Note] InnoDB: Uses event mutexes
2021-01-16  8:20:04 0 [Note] InnoDB: Compressed tables use zlib 1.2.11
2021-01-16  8:20:04 0 [Note] InnoDB: Number of pools: 1
2021-01-16  8:20:04 0 [Note] InnoDB: Using SSE2 crc32 instructions
2021-01-16  8:20:04 0 [Note] InnoDB: Initializing buffer pool, total size = 16M, instances = 1, chunk size = 16M
2021-01-16  8:20:04 0 [Note] InnoDB: Completed initialization of buffer pool
2021-01-16  8:20:04 0 [Note] InnoDB: Starting crash recovery from checkpoint LSN=300324
2021-01-16  8:20:05 0 [Note] InnoDB: 128 out of 128 rollback segments are active.
2021-01-16  8:20:05 0 [Note] InnoDB: Removed temporary tablespace data file: "ibtmp1"
2021-01-16  8:20:05 0 [Note] InnoDB: Creating shared tablespace for temporary tables
2021-01-16  8:20:05 0 [Note] InnoDB: Setting file '\www\mysql\data\ibtmp1' size to 12 MB. Physically writing the file full; Please wait ...
2021-01-16  8:20:05 0 [Note] InnoDB: File '\www\mysql\data\ibtmp1' size is now 12 MB.
2021-01-16  8:20:06 0 [Note] InnoDB: Waiting for purge to start
2021-01-16  8:20:06 0 [Note] InnoDB: 10.4.17 started; log sequence number 300333; transaction id 170
2021-01-16  8:20:06 0 [Note] InnoDB: Loading buffer pool(s) from i:\www\mysql\data\ib_buffer_pool
2021-01-16  8:20:06 0 [Note] Plugin 'FEEDBACK' is disabled.
2021-01-16  8:20:06 0 [Note] InnoDB: Buffer pool(s) load completed at 210116  8:20:06
2021-01-16  8:20:06 0 [Note] Server socket created on IP: '::'.
2021-01-16  8:20:06 0 [Note] Reading of all Master_info entries succeeded
2021-01-16  8:20:06 0 [Note] Added new Master_info '' to hash table
2021-01-16  8:20:06 0 [Note] mysql\bin\mysqld.exe: ready for connections.
Version: '10.4.17-MariaDB'  socket: ''  port: 3306  mariadb.org binary distribution
